<?xml version='1.0'?>
<ns2:test-suite xmlns:ns2='urn:model.allure.qatools.yandex.ru' start='1562325107035' stop='1562325143768'>
    <name>mmm-graphicswizard-gl-web-qa login popup</name>
    <title>mmm-graphicswizard-gl-web-qa login popup</title>
    <test-cases>
        <test-case start='1562325117081' status='passed' stop='1562325118799'>
            <name>should not allow to login without email</name>
            <title>should not allow to login without email</title>
            <labels>
                <label name='language' value='javascript'/>
                <label name='framework' value='wdio'/>
                <label name='thread' value='0-0'/>
            </labels>
            <parameters>
                <parameter kind='argument' name='browser' value='chrome'/>
            </parameters>
            <steps/>
            <attachments/>
        </test-case>
        <test-case start='1562325118799' status='passed' stop='1562325120333'>
            <name>should not allow to login without password</name>
            <title>should not allow to login without password</title>
            <labels>
                <label name='language' value='javascript'/>
                <label name='framework' value='wdio'/>
                <label name='thread' value='0-0'/>
            </labels>
            <parameters>
                <parameter kind='argument' name='browser' value='chrome'/>
            </parameters>
            <steps/>
            <attachments/>
        </test-case>
        <test-case start='1562325120333' status='passed' stop='1562325121846'>
            <name>should not allow to login with invalid credentials</name>
            <title>should not allow to login with invalid credentials</title>
            <labels>
                <label name='language' value='javascript'/>
                <label name='framework' value='wdio'/>
                <label name='thread' value='0-0'/>
            </labels>
            <parameters>
                <parameter kind='argument' name='browser' value='chrome'/>
            </parameters>
            <steps/>
            <attachments/>
        </test-case>
        <test-case start='1562325121847' status='passed' stop='1562325123389'>
            <name>should not allow to reset email which is not exist</name>
            <title>should not allow to reset email which is not exist</title>
            <labels>
                <label name='language' value='javascript'/>
                <label name='framework' value='wdio'/>
                <label name='thread' value='0-0'/>
            </labels>
            <parameters>
                <parameter kind='argument' name='browser' value='chrome'/>
            </parameters>
            <steps/>
            <attachments/>
        </test-case>
        <test-case start='1562325123389' status='broken' stop='1562325133520'>
            <name>should not allow to pass incorrect email format</name>
            <title>should not allow to pass incorrect email format</title>
            <labels>
                <label name='language' value='javascript'/>
                <label name='framework' value='wdio'/>
                <label name='thread' value='0-0'/>
            </labels>
            <parameters>
                <parameter kind='argument' name='browser' value='chrome'/>
            </parameters>
            <steps/>
            <attachments/>
            <failure>
                <message>Can't call getText on element with selector "ng-star-inserted" because element wasn't found</message>
                <stack-trace>Error: Can't call getText on element with selector "ng-star-inserted" because element wasn't found
                    at Context.it (/Users/sohardco/devLearn/wdio/test/specs/user-login.spec.js:54:34)</stack-trace>
            </failure>
        </test-case>
        <test-case start='1562325133521' status='broken' stop='1562325143767'>
            <name>should allow user to login with valid credentials </name>
            <title>should allow user to login with valid credentials </title>
            <labels>
                <label name='language' value='javascript'/>
                <label name='framework' value='wdio'/>
                <label name='thread' value='0-0'/>
            </labels>
            <parameters>
                <parameter kind='argument' name='browser' value='chrome'/>
            </parameters>
            <steps/>
            <attachments/>
            <failure>
                <message>Can't call setValue on element with selector "#login-password" because element wasn't found</message>
                <stack-trace>Error: Can't call setValue on element with selector "#login-password" because element wasn't found
                    at LoginPage.login (/Users/sohardco/devLearn/wdio/test/pageobjects/login.page.js:59:26)
                    at Context.it (/Users/sohardco/devLearn/wdio/test/specs/user-login.spec.js:62:17)</stack-trace>
            </failure>
        </test-case>
    </test-cases>
</ns2:test-suite>