<?xml version='1.0'?>
<ns2:test-suite xmlns:ns2='urn:model.allure.qatools.yandex.ru' start='1562321154026' stop='1562321195461'>
    <name>mmm-graphicswizard-gl-web-qa login popup</name>
    <title>mmm-graphicswizard-gl-web-qa login popup</title>
    <test-cases>
        <test-case start='1562321164438' status='passed' stop='1562321166112'>
            <name>should not allow to login without email</name>
            <title>should not allow to login without email</title>
            <labels>
                <label name='language' value='javascript'/>
                <label name='framework' value='wdio'/>
                <label name='thread' value='0-0'/>
            </labels>
            <parameters>
                <parameter kind='argument' name='browser' value='chrome'/>
            </parameters>
            <steps/>
            <attachments/>
        </test-case>
        <test-case start='1562321166113' status='passed' stop='1562321167673'>
            <name>should not allow to login without password</name>
            <title>should not allow to login without password</title>
            <labels>
                <label name='language' value='javascript'/>
                <label name='framework' value='wdio'/>
                <label name='thread' value='0-0'/>
            </labels>
            <parameters>
                <parameter kind='argument' name='browser' value='chrome'/>
            </parameters>
            <steps/>
            <attachments/>
        </test-case>
        <test-case start='1562321167674' status='passed' stop='1562321169198'>
            <name>should not allow to login with invalid credentials</name>
            <title>should not allow to login with invalid credentials</title>
            <labels>
                <label name='language' value='javascript'/>
                <label name='framework' value='wdio'/>
                <label name='thread' value='0-0'/>
            </labels>
            <parameters>
                <parameter kind='argument' name='browser' value='chrome'/>
            </parameters>
            <steps/>
            <attachments/>
        </test-case>
        <test-case start='1562321169198' status='passed' stop='1562321176633'>
            <name>should not allow to reset email which is not exist</name>
            <title>should not allow to reset email which is not exist</title>
            <labels>
                <label name='language' value='javascript'/>
                <label name='framework' value='wdio'/>
                <label name='thread' value='0-0'/>
            </labels>
            <parameters>
                <parameter kind='argument' name='browser' value='chrome'/>
            </parameters>
            <steps/>
            <attachments/>
        </test-case>
        <test-case start='1562321176634' status='broken' stop='1562321176725'>
            <name>should not allow to pass incorrect email format</name>
            <title>should not allow to pass incorrect email format</title>
            <labels>
                <label name='language' value='javascript'/>
                <label name='framework' value='wdio'/>
                <label name='thread' value='0-0'/>
            </labels>
            <parameters>
                <parameter kind='argument' name='browser' value='chrome'/>
            </parameters>
            <steps/>
            <attachments/>
            <failure>
                <message>formError is not defined</message>
                <stack-trace>ReferenceError: formError is not defined
                    at Context.it (/Users/sohardco/devLearn/wdio/test/specs/user-login.spec.js:52:14)</stack-trace>
            </failure>
        </test-case>
        <test-case start='1562321176725' status='broken' stop='1562321195460'>
            <name>should allow user to login with valid credentials </name>
            <title>should allow user to login with valid credentials </title>
            <labels>
                <label name='language' value='javascript'/>
                <label name='framework' value='wdio'/>
                <label name='thread' value='0-0'/>
            </labels>
            <parameters>
                <parameter kind='argument' name='browser' value='chrome'/>
            </parameters>
            <steps/>
            <attachments/>
            <failure>
                <message>waitUntil condition timed out after 10000ms</message>
                <stack-trace>Error: waitUntil condition timed out after 10000ms
                    at LoginPage.isLoggedIn (/Users/sohardco/devLearn/wdio/test/pageobjects/login.page.js:74:17)
                    at Context.it (/Users/sohardco/devLearn/wdio/test/specs/user-login.spec.js:60:17)</stack-trace>
            </failure>
        </test-case>
    </test-cases>
</ns2:test-suite>